<?xml version="1.0" encoding="UTF-8"?>
<testng-results skipped="0" failed="0" ignored="0" total="1" passed="1">
  <reporter-output>
  </reporter-output>
  <suite name="mavensuite" duration-ms="47552" started-at="2017-10-25T17:58:37Z" finished-at="2017-10-25T17:59:25Z">
    <groups>
    </groups>
    <test name="maventest" duration-ms="47552" started-at="2017-10-25T17:58:37Z" finished-at="2017-10-25T17:59:25Z">
      <class name="test.SampleMaven">
        <test-method status="PASS" signature="test()[pri:0, instance:test.SampleMaven@3498ed]" name="test" duration-ms="47529" started-at="2017-10-25T23:28:37Z" finished-at="2017-10-25T23:29:25Z">
          <reporter-output>
          </reporter-output>
        </test-method> <!-- test -->
      </class> <!-- test.SampleMaven -->
    </test> <!-- maventest -->
  </suite> <!-- mavensuite -->
</testng-results>
