<?xml version="1.0" encoding="UTF-8"?>
<testng-results skipped="0" failed="0" ignored="0" total="1" passed="1">
  <reporter-output>
  </reporter-output>
  <suite name="mavensuite" duration-ms="30495" started-at="2017-10-27T15:39:23Z" finished-at="2017-10-27T15:39:53Z">
    <groups>
    </groups>
    <test name="maventest" duration-ms="30495" started-at="2017-10-27T15:39:23Z" finished-at="2017-10-27T15:39:53Z">
      <class name="test.SampleMaven">
        <test-method status="PASS" signature="test()[pri:0, instance:test.SampleMaven@3498ed]" name="test" duration-ms="30463" started-at="2017-10-27T21:09:23Z" finished-at="2017-10-27T21:09:53Z">
          <reporter-output>
          </reporter-output>
        </test-method> <!-- test -->
      </class> <!-- test.SampleMaven -->
    </test> <!-- maventest -->
  </suite> <!-- mavensuite -->
</testng-results>
